IP Generator (Version 2022.2-SP6.1 build 138931)
Check out license ...
Start generating at 2025-03-02 15:29
Instance: bitstream_ram (D:\My_work\Workplace\update_demo\update_demo\ipcore\bitstream_ram\bitstream_ram.idf)
IP: Pango DRM Based Simple Dual Port RAM (1.7)
Part: Logos-PGL50H-FBG484--6
Create directory 'rtl' ...
Copy 'rtl\ipml_sdpram_v1_7.v.xml' to 'rtl' ...
Compile file 'rtl\ipml_sdpram_v1_7.v.xml' to 'rtl\ipml_sdpram_v1_7_bitstream_ram.v' ...
Copy 'ipml_sdpram_wrapper_v1_7.v.xml' ...
Compile file 'ipml_sdpram_wrapper_v1_7.v.xml' to 'bitstream_ram.v' ...
Found top module 'bitstream_ram' in file 'bitstream_ram.v'.
Copy 'ipml_sdpram_wrapper_v1_3_tb.v.xml' ...
Compile file 'ipml_sdpram_wrapper_v1_3_tb.v.xml' to 'bitstream_ram_tb.v' ...
Copy 'init_param_bin_exmp.dat' ...
Copy 'init_param_hex_exmp.dat' ...
Run file 'createParam.tcl' ...
Create template file 'bitstream_ram_tmpl.v' ...
Create template file 'bitstream_ram_tmpl.vhdl' ...
There are 2 source files to synthesize.
Synthesis is disabled.
Done: 0 error(s), 0 warning(s)
